<?xml version="1.0" encoding="UTF-8"?>
<!-- Generated by org.testng.reporters.JUnitXMLReporter -->
<testsuite hostname="DESKTOP-QKEFB85" ignored="0" name="Testing Parameterization" tests="4" failures="0" timestamp="2022-09-24T09:04:52 IST" time="17.683" errors="0">
  <testcase name="testCaseOne" time="0.021" classname="testngsamples.Parameterization"/>
  <testcase name="testCaseThree" time="0.005" classname="testngsamples.Parameterization"/>
  <testcase name="testCaseTwo" time="0.008" classname="testngsamples.Parameterization"/>
  <testcase name="testLoginOfVtiger" time="17.467" classname="testngsamples.Parameterization"/>
</testsuite> <!-- Testing Parameterization -->
