<?xml version="1.0" encoding="UTF-8"?>
<!-- Generated by org.testng.reporters.JUnitXMLReporter -->
<testsuite hostname="DESKTOP-QKEFB85" ignored="3" name="testing" tests="2" failures="0" timestamp="20 Sep 2022 18:23:59 GMT" time="0.096" errors="0">
  <testcase name="testCaseFive" time="0.025" classname="testngsamples.GroupExamples"/>
  <testcase name="testCaseThree" time="0.003" classname="testngsamples.GroupExamples"/>
  <testcase name="testCaseTwo" time="0.0" classname="testngsamples.GroupExamples">
    <ignored/>
  </testcase> <!-- testCaseTwo -->
  <testcase name="testCaseFour" time="0.0" classname="testngsamples.GroupExamples">
    <ignored/>
  </testcase> <!-- testCaseFour -->
  <testcase name="testCaseOne" time="0.0" classname="testngsamples.GroupExamples">
    <ignored/>
  </testcase> <!-- testCaseOne -->
</testsuite> <!-- testing -->
